<?xml version="1.0" encoding="UTF-8"?>
<!-- Generated by org.testng.reporters.JUnitReportReporter -->
<testsuite hostname="DESKTOP-T4HCFNJ" failures="0" tests="3" name="com.crm.qa.testcases.HomePageTest" time="78.514" errors="0" timestamp="11 Jul 2019 18:48:07 GMT" skipped="0">
  <testcase classname="com.crm.qa.testcases.HomePageTest" name="verifyHomePageTitleTest" time="26.456"/>
  <testcase classname="com.crm.qa.testcases.HomePageTest" name="verifyUserNameTest" time="21.476"/>
  <testcase classname="com.crm.qa.testcases.HomePageTest" name="clickOnContactsListTest" time="30.582"/>
</testsuite> <!-- com.crm.qa.testcases.HomePageTest -->
