<?xml version="1.0" encoding="UTF-8"?>
<!-- Generated by org.testng.reporters.JUnitReportReporter -->
<testsuite hostname="DESKTOP-T4HCFNJ" failures="0" tests="3" name="com.crm.qa.testcases.LoginPageTest" time="66.222" errors="0" timestamp="11 Jul 2019 18:48:07 GMT" skipped="0">
  <testcase classname="com.crm.qa.testcases.LoginPageTest" name="LoginPageTitleTest" time="18.585"/>
  <testcase classname="com.crm.qa.testcases.LoginPageTest" name="crmLogoImageTest" time="19.630"/>
  <testcase classname="com.crm.qa.testcases.LoginPageTest" name="loginTest" time="28.007"/>
</testsuite> <!-- com.crm.qa.testcases.LoginPageTest -->
